<?xml version="1.0" encoding="UTF-8"?>
<testng-results ignored="0" total="1" passed="1" failed="0" skipped="0">
  <reporter-output>
  </reporter-output>
  <suite started-at="2024-02-02T20:16:35 IST" name="Suite" finished-at="2024-02-02T20:16:46 IST" duration-ms="10183">
    <groups>
    </groups>
    <test started-at="2024-02-02T20:16:35 IST" name="Test" finished-at="2024-02-02T20:16:46 IST" duration-ms="10183">
      <class name="com.ots.testcases.LoginTest">
        <test-method is-config="true" signature="setup()[pri:0, instance:com.ots.testcases.LoginTest@7a55af6b]" started-at="2024-02-02T20:16:37 IST" name="setup" finished-at="2024-02-02T20:16:40 IST" duration-ms="3307" status="PASS">
          <reporter-output>
          </reporter-output>
        </test-method> <!-- setup -->
        <test-method signature="loginToApplicationWithValidCredentials(java.lang.String,java.lang.String)[pri:0, instance:com.ots.testcases.LoginTest@7a55af6b]" started-at="2024-02-02T20:16:40 IST" name="loginToApplicationWithValidCredentials" data-provider="loginCredentialsExcel" finished-at="2024-02-02T20:16:44 IST" duration-ms="4302" status="PASS">
          <params>
            <param index="0">
              <value>
                <![CDATA[admin@email.com]]>
              </value>
            </param>
            <param index="1">
              <value>
                <![CDATA[admin@123]]>
              </value>
            </param>
          </params>
          <reporter-output>
          </reporter-output>
        </test-method> <!-- loginToApplicationWithValidCredentials -->
        <test-method is-config="true" signature="tearDown()[pri:0, instance:com.ots.testcases.LoginTest@7a55af6b]" started-at="2024-02-02T20:16:45 IST" name="tearDown" finished-at="2024-02-02T20:16:46 IST" duration-ms="217" status="PASS">
          <reporter-output>
          </reporter-output>
        </test-method> <!-- tearDown -->
      </class> <!-- com.ots.testcases.LoginTest -->
    </test> <!-- Test -->
  </suite> <!-- Suite -->
</testng-results>
